# JRE version: OpenJDK Runtime Environment Temurin-17.0.16+8 (17.0.16+8) (build 17.0.16+8)
# Java VM: OpenJDK 64-Bit Server VM Temurin-17.0.16+8 (17.0.16+8, mixed mode, sharing, tiered, compressed oops, compressed class ptrs, g1 gc, windows-amd64)
GC Precious Log:
 CPUs: 8 total, 8 available
 Memory: 16138M
 Large Page Support: Disabled
 NUMA Support: Disabled
 Compressed Oops: Enabled (Zero based)
 Heap Region Size: 4M
 Heap Min Capacity: 8M
 Heap Initial Capacity: 256M
 Heap Max Capacity: 8G
 Pre-touch: Disabled
 Parallel Workers: 8
 Concurrent Workers: 2
 Concurrent Refinement Workers: 8
 Periodic GC: Disabled
Heap:
 garbage-first heap   total 1413120K, used 679936K [0x0000000600000000, 0x0000000800000000)
  region size 4096K, 19 young (77824K), 19 survivors (77824K)
 Metaspace       used 268839K, committed 271296K, reserved 1310720K
  class space    used 35236K, committed 36416K, reserved 1048576K
GC Heap History (20 events):
Event: 320.381 GC heap after
{Heap after GC invocations=108 (full 0):
 garbage-first heap   total 1175552K, used 634144K [0x0000000600000000, 0x0000000800000000)
  region size 4096K, 7 young (28672K), 7 survivors (28672K)
 Metaspace       used 251754K, committed 253888K, reserved 1310720K
  class space    used 33436K, committed 34432K, reserved 1048576K
}
Event: 323.621 GC heap before
{Heap before GC invocations=109 (full 0):
 garbage-first heap   total 1175552K, used 1027360K [0x0000000600000000, 0x0000000800000000)
  region size 4096K, 103 young (421888K), 7 survivors (28672K)
 Metaspace       used 253147K, committed 255232K, reserved 1310720K
  class space    used 33585K, committed 34560K, reserved 1048576K
}
Event: 323.657 GC heap after
{Heap after GC invocations=110 (full 0):
 garbage-first heap   total 1175552K, used 632704K [0x0000000600000000, 0x0000000800000000)
  region size 4096K, 7 young (28672K), 7 survivors (28672K)
 Metaspace       used 253147K, committed 255232K, reserved 1310720K
  class space    used 33585K, committed 34560K, reserved 1048576K
}
Event: 323.781 GC heap before
{Heap before GC invocations=110 (full 0):
 garbage-first heap   total 1175552K, used 661376K [0x0000000600000000, 0x0000000800000000)
  region size 4096K, 14 young (57344K), 7 survivors (28672K)
 Metaspace       used 253165K, committed 255232K, reserved 1310720K
  class space    used 33586K, committed 34560K, reserved 1048576K
}
Event: 323.861 GC heap after
{Heap after GC invocations=111 (full 0):
 garbage-first heap   total 1413120K, used 552731K [0x0000000600000000, 0x0000000800000000)
  region size 4096K, 2 young (8192K), 2 survivors (8192K)
 Metaspace       used 253165K, committed 255232K, reserved 1310720K
  class space    used 33586K, committed 34560K, reserved 1048576K
}
Event: 324.141 GC heap before
{Heap before GC invocations=111 (full 0):
 garbage-first heap   total 1413120K, used 614171K [0x0000000600000000, 0x0000000800000000)
  region size 4096K, 17 young (69632K), 2 survivors (8192K)
 Metaspace       used 253175K, committed 255232K, reserved 1310720K
  class space    used 33586K, committed 34560K, reserved 1048576K
}
Event: 324.166 GC heap after
{Heap after GC invocations=112 (full 0):
 garbage-first heap   total 1413120K, used 548697K [0x0000000600000000, 0x0000000800000000)
  region size 4096K, 2 young (8192K), 2 survivors (8192K)
 Metaspace       used 253175K, committed 255232K, reserved 1310720K
  class space    used 33586K, committed 34560K, reserved 1048576K
}
Event: 327.000 GC heap before
{Heap before GC invocations=112 (full 0):
 garbage-first heap   total 1413120K, used 1240921K [0x0000000600000000, 0x0000000800000000)
  region size 4096K, 171 young (700416K), 2 survivors (8192K)
 Metaspace       used 253298K, committed 255360K, reserved 1310720K
  class space    used 33597K, committed 34560K, reserved 1048576K
}
Event: 327.012 GC heap after
{Heap after GC invocations=113 (full 0):
 garbage-first heap   total 1413120K, used 549808K [0x0000000600000000, 0x0000000800000000)
  region size 4096K, 3 young (12288K), 3 survivors (12288K)
 Metaspace       used 253298K, committed 255360K, reserved 1310720K
  class space    used 33597K, committed 34560K, reserved 1048576K
}
Event: 334.827 GC heap before
{Heap before GC invocations=114 (full 0):
 garbage-first heap   total 1413120K, used 1233840K [0x0000000600000000, 0x0000000800000000)
  region size 4096K, 172 young (704512K), 3 survivors (12288K)
 Metaspace       used 257325K, committed 259392K, reserved 1310720K
  class space    used 34139K, committed 35072K, reserved 1048576K
}
Event: 334.850 GC heap after
{Heap after GC invocations=115 (full 0):
 garbage-first heap   total 1413120K, used 552382K [0x0000000600000000, 0x0000000800000000)
  region size 4096K, 4 young (16384K), 4 survivors (16384K)
 Metaspace       used 257325K, committed 259392K, reserved 1310720K
  class space    used 34139K, committed 35072K, reserved 1048576K
}
Event: 335.579 GC heap before
{Heap before GC invocations=115 (full 0):
 garbage-first heap   total 1413120K, used 605630K [0x0000000600000000, 0x0000000800000000)
  region size 4096K, 17 young (69632K), 4 survivors (16384K)
 Metaspace       used 257961K, committed 259968K, reserved 1310720K
  class space    used 34219K, committed 35136K, reserved 1048576K
}
Event: 335.622 GC heap after
{Heap after GC invocations=116 (full 0):
 garbage-first heap   total 1413120K, used 456171K [0x0000000600000000, 0x0000000800000000)
  region size 4096K, 1 young (4096K), 1 survivors (4096K)
 Metaspace       used 257961K, committed 259968K, reserved 1310720K
  class space    used 34219K, committed 35136K, reserved 1048576K
}
Event: 3075.508 GC heap before
{Heap before GC invocations=116 (full 0):
 garbage-first heap   total 1413120K, used 1299947K [0x0000000600000000, 0x0000000800000000)
  region size 4096K, 191 young (782336K), 1 survivors (4096K)
 Metaspace       used 266403K, committed 268608K, reserved 1310720K
  class space    used 35060K, committed 36096K, reserved 1048576K
}
Event: 3075.606 GC heap after
{Heap after GC invocations=117 (full 0):
 garbage-first heap   total 1413120K, used 487279K [0x0000000600000000, 0x0000000800000000)
  region size 4096K, 9 young (36864K), 9 survivors (36864K)
 Metaspace       used 266403K, committed 268608K, reserved 1310720K
  class space    used 35060K, committed 36096K, reserved 1048576K
}
Event: 3450.236 GC heap before
{Heap before GC invocations=117 (full 0):
 garbage-first heap   total 1413120K, used 1208175K [0x0000000600000000, 0x0000000800000000)
  region size 4096K, 185 young (757760K), 9 survivors (36864K)
 Metaspace       used 268135K, committed 270464K, reserved 1310720K
  class space    used 35195K, committed 36288K, reserved 1048576K
}
Event: 3450.289 GC heap after
{Heap after GC invocations=118 (full 0):
 garbage-first heap   total 1413120K, used 513646K [0x0000000600000000, 0x0000000800000000)
  region size 4096K, 15 young (61440K), 15 survivors (61440K)
 Metaspace       used 268135K, committed 270464K, reserved 1310720K
  class space    used 35195K, committed 36288K, reserved 1048576K
}
Event: 3456.604 GC heap before
{Heap before GC invocations=118 (full 0):
 garbage-first heap   total 1413120K, used 1169006K [0x0000000600000000, 0x0000000800000000)
  region size 4096K, 176 young (720896K), 15 survivors (61440K)
 Metaspace       used 268647K, committed 271104K, reserved 1310720K
  class space    used 35236K, committed 36416K, reserved 1048576K
}
Event: 3456.832 GC heap after
{Heap after GC invocations=119 (full 0):
 garbage-first heap   total 1413120K, used 596546K [0x0000000600000000, 0x0000000800000000)
  region size 4096K, 21 young (86016K), 21 survivors (86016K)
 Metaspace       used 268647K, committed 271104K, reserved 1310720K
  class space    used 35236K, committed 36416K, reserved 1048576K
}
Event: 3459.167 GC heap before
{Heap before GC invocations=119 (full 0):
 garbage-first heap   total 1413120K, used 1120834K [0x0000000600000000, 0x0000000800000000)
  region size 4096K, 150 young (614400K), 21 survivors (86016K)
 Metaspace       used 268839K, committed 271296K, reserved 1310720K
  class space    used 35236K, committed 36416K, reserved 1048576K
}

